<?xml version="1.0" encoding="UTF-8"?>
<testng-results skipped="0" failed="0" ignored="0" total="0" passed="0">
  <reporter-output>
  </reporter-output>
  <suite name="demoMVC1.TestHelloWorld" duration-ms="5" started-at="2019-12-09T15:16:24 IST" finished-at="2019-12-09T15:16:24 IST">
    <groups>
    </groups>
    <test name="Command line test" duration-ms="5" started-at="2019-12-09T15:16:24 IST" finished-at="2019-12-09T15:16:24 IST">
    </test> <!-- Command line test -->
  </suite> <!-- demoMVC1.TestHelloWorld -->
</testng-results>
